<?xml version="1.0" encoding="UTF-8"?>
<!-- Generated by org.testng.reporters.JUnitReportReporter -->
<testsuite hostname="DESKTOP-FKQO898" failures="0" tests="4" name="testngproject.GroupingExample" time="0.012" errors="0" timestamp="2023-05-01T19:04:27 IST" skipped="0">
  <testcase classname="testngproject.GroupingExample" name="signUpByEmail" time="0.008"/>
  <system-out/>
  <testcase classname="testngproject.GroupingExample" name="paymentInRupees" time="0.002"/>
  <system-out/>
  <testcase classname="testngproject.GroupingExample" name="paymentInDollar" time="0.001"/>
  <system-out/>
  <testcase classname="testngproject.GroupingExample" name="paymentReturnByBank" time="0.001"/>
  <system-out/>
</testsuite> <!-- testngproject.GroupingExample -->
